# JRE version: OpenJDK Runtime Environment Temurin-17.0.3+7 (17.0.3+7) (build 17.0.3+7)
# Java VM: OpenJDK 64-Bit Server VM Temurin-17.0.3+7 (17.0.3+7, mixed mode, emulated-client, tiered, compressed oops, compressed class ptrs, g1 gc, windows-amd64)
GC Precious Log:
 CPUs: 4 total, 4 available
 Memory: 8066M
 Large Page Support: Disabled
 NUMA Support: Disabled
 Compressed Oops: Enabled (32-bit)
 Heap Region Size: 1M
 Heap Min Capacity: 8M
 Heap Initial Capacity: 128M
 Heap Max Capacity: 2018M
 Pre-touch: Disabled
 Parallel Workers: 4
 Concurrent Workers: 1
 Concurrent Refinement Workers: 4
 Periodic GC: Disabled
Heap:
 garbage-first heap   total 37888K, used 10187K [0x0000000081e00000, 0x0000000100000000)
  region size 1024K, 1 young (1024K), 0 survivors (0K)
 Metaspace       used 29150K, committed 29376K, reserved 1081344K
  class space    used 3925K, committed 4032K, reserved 1048576K
GC Heap History (20 events):
Event: 2065.662 GC heap before
{Heap before GC invocations=181 (full 174):
 garbage-first heap   total 37888K, used 10187K [0x0000000081e00000, 0x0000000100000000)
  region size 1024K, 1 young (1024K), 0 survivors (0K)
 Metaspace       used 29149K, committed 29376K, reserved 1081344K
  class space    used 3925K, committed 4032K, reserved 1048576K
}
Event: 2065.685 GC heap after
{Heap after GC invocations=182 (full 175):
 garbage-first heap   total 37888K, used 10187K [0x0000000081e00000, 0x0000000100000000)
  region size 1024K, 0 young (0K), 0 survivors (0K)
 Metaspace       used 29149K, committed 29376K, reserved 1081344K
  class space    used 3925K, committed 4032K, reserved 1048576K
}
Event: 2075.935 GC heap before
{Heap before GC invocations=182 (full 175):
 garbage-first heap   total 37888K, used 10187K [0x0000000081e00000, 0x0000000100000000)
  region size 1024K, 1 young (1024K), 0 survivors (0K)
 Metaspace       used 29149K, committed 29376K, reserved 1081344K
  class space    used 3925K, committed 4032K, reserved 1048576K
}
Event: 2075.956 GC heap after
{Heap after GC invocations=183 (full 176):
 garbage-first heap   total 37888K, used 10187K [0x0000000081e00000, 0x0000000100000000)
  region size 1024K, 0 young (0K), 0 survivors (0K)
 Metaspace       used 29149K, committed 29376K, reserved 1081344K
  class space    used 3925K, committed 4032K, reserved 1048576K
}
Event: 2086.231 GC heap before
{Heap before GC invocations=183 (full 176):
 garbage-first heap   total 37888K, used 10187K [0x0000000081e00000, 0x0000000100000000)
  region size 1024K, 1 young (1024K), 0 survivors (0K)
 Metaspace       used 29149K, committed 29376K, reserved 1081344K
  class space    used 3925K, committed 4032K, reserved 1048576K
}
Event: 2086.255 GC heap after
{Heap after GC invocations=184 (full 177):
 garbage-first heap   total 37888K, used 10187K [0x0000000081e00000, 0x0000000100000000)
  region size 1024K, 0 young (0K), 0 survivors (0K)
 Metaspace       used 29149K, committed 29376K, reserved 1081344K
  class space    used 3925K, committed 4032K, reserved 1048576K
}
Event: 2096.514 GC heap before
{Heap before GC invocations=184 (full 177):
 garbage-first heap   total 37888K, used 10187K [0x0000000081e00000, 0x0000000100000000)
  region size 1024K, 1 young (1024K), 0 survivors (0K)
 Metaspace       used 29149K, committed 29376K, reserved 1081344K
  class space    used 3925K, committed 4032K, reserved 1048576K
}
Event: 2096.537 GC heap after
{Heap after GC invocations=185 (full 178):
 garbage-first heap   total 37888K, used 10187K [0x0000000081e00000, 0x0000000100000000)
  region size 1024K, 0 young (0K), 0 survivors (0K)
 Metaspace       used 29149K, committed 29376K, reserved 1081344K
  class space    used 3925K, committed 4032K, reserved 1048576K
}
Event: 2106.769 GC heap before
{Heap before GC invocations=185 (full 178):
 garbage-first heap   total 37888K, used 10187K [0x0000000081e00000, 0x0000000100000000)
  region size 1024K, 1 young (1024K), 0 survivors (0K)
 Metaspace       used 29149K, committed 29376K, reserved 1081344K
  class space    used 3925K, committed 4032K, reserved 1048576K
}
Event: 2106.792 GC heap after
{Heap after GC invocations=186 (full 179):
 garbage-first heap   total 37888K, used 10187K [0x0000000081e00000, 0x0000000100000000)
  region size 1024K, 0 young (0K), 0 survivors (0K)
 Metaspace       used 29149K, committed 29376K, reserved 1081344K
  class space    used 3925K, committed 4032K, reserved 1048576K
}
Event: 2117.033 GC heap before
{Heap before GC invocations=186 (full 179):
 garbage-first heap   total 37888K, used 10187K [0x0000000081e00000, 0x0000000100000000)
  region size 1024K, 1 young (1024K), 0 survivors (0K)
 Metaspace       used 29149K, committed 29376K, reserved 1081344K
  class space    used 3925K, committed 4032K, reserved 1048576K
}
Event: 2117.056 GC heap after
{Heap after GC invocations=187 (full 180):
 garbage-first heap   total 37888K, used 10187K [0x0000000081e00000, 0x0000000100000000)
  region size 1024K, 0 young (0K), 0 survivors (0K)
 Metaspace       used 29149K, committed 29376K, reserved 1081344K
  class space    used 3925K, committed 4032K, reserved 1048576K
}
Event: 2127.290 GC heap before
{Heap before GC invocations=187 (full 180):
 garbage-first heap   total 37888K, used 10187K [0x0000000081e00000, 0x0000000100000000)
  region size 1024K, 1 young (1024K), 0 survivors (0K)
 Metaspace       used 29149K, committed 29376K, reserved 1081344K
  class space    used 3925K, committed 4032K, reserved 1048576K
}
Event: 2127.313 GC heap after
{Heap after GC invocations=188 (full 181):
 garbage-first heap   total 37888K, used 10187K [0x0000000081e00000, 0x0000000100000000)
  region size 1024K, 0 young (0K), 0 survivors (0K)
 Metaspace       used 29149K, committed 29376K, reserved 1081344K
  class space    used 3925K, committed 4032K, reserved 1048576K
}
Event: 2137.558 GC heap before
{Heap before GC invocations=188 (full 181):
 garbage-first heap   total 37888K, used 10187K [0x0000000081e00000, 0x0000000100000000)
  region size 1024K, 1 young (1024K), 0 survivors (0K)
 Metaspace       used 29149K, committed 29376K, reserved 1081344K
  class space    used 3925K, committed 4032K, reserved 1048576K
}
Event: 2137.581 GC heap after
{Heap after GC invocations=189 (full 182):
 garbage-first heap   total 37888K, used 10187K [0x0000000081e00000, 0x0000000100000000)
  region size 1024K, 0 young (0K), 0 survivors (0K)
 Metaspace       used 29149K, committed 29376K, reserved 1081344K
  class space    used 3925K, committed 4032K, reserved 1048576K
}
Event: 2147.836 GC heap before
{Heap before GC invocations=189 (full 182):
 garbage-first heap   total 37888K, used 10187K [0x0000000081e00000, 0x0000000100000000)
  region size 1024K, 1 young (1024K), 0 survivors (0K)
 Metaspace       used 29149K, committed 29376K, reserved 1081344K
  class space    used 3925K, committed 4032K, reserved 1048576K
}
Event: 2147.860 GC heap after
{Heap after GC invocations=190 (full 183):
 garbage-first heap   total 37888K, used 10187K [0x0000000081e00000, 0x0000000100000000)
  region size 1024K, 0 young (0K), 0 survivors (0K)
 Metaspace       used 29149K, committed 29376K, reserved 1081344K
  class space    used 3925K, committed 4032K, reserved 1048576K
}
Event: 2158.120 GC heap before
{Heap before GC invocations=190 (full 183):
 garbage-first heap   total 37888K, used 10187K [0x0000000081e00000, 0x0000000100000000)
  region size 1024K, 1 young (1024K), 0 survivors (0K)
 Metaspace       used 29149K, committed 29376K, reserved 1081344K
  class space    used 3925K, committed 4032K, reserved 1048576K
}
Event: 2158.143 GC heap after
{Heap after GC invocations=191 (full 184):
 garbage-first heap   total 37888K, used 10187K [0x0000000081e00000, 0x0000000100000000)
  region size 1024K, 0 young (0K), 0 survivors (0K)
 Metaspace       used 29149K, committed 29376K, reserved 1081344K
  class space    used 3925K, committed 4032K, reserved 1048576K
}

